<?xml version="1.0" encoding="UTF-8"?>
<!-- Generated by org.testng.reporters.JUnitReportReporter -->
<testsuite hostname="LAPTOP-V8KLSL8J" name="com.ng.FaceBookTest" tests="1" failures="0" timestamp="18 May 2024 02:24:36 GMT" time="8.985" errors="0">
  <testcase name="facebook" time="8.985" classname="com.ng.FaceBookTest"/>
</testsuite> <!-- com.ng.FaceBookTest -->
