<?xml version="1.0" encoding="UTF-8"?>
<!-- Generated by org.testng.reporters.JUnitReportReporter -->
<testsuite hostname="LAPTOP-V8KLSL8J" name="com.ng.IHGTest" tests="1" failures="0" timestamp="18 May 2024 02:39:37 GMT" time="9.830" errors="0">
  <testcase name="ihg" time="9.830" classname="com.ng.IHGTest"/>
</testsuite> <!-- com.ng.IHGTest -->
