<?xml version="1.0" encoding="UTF-8"?>
<!-- Generated by org.testng.reporters.JUnitReportReporter -->
<testsuite hostname="LAPTOP-V8KLSL8J" name="com.ng.OrangeHRMTest" tests="1" failures="0" timestamp="18 May 2024 02:01:53 GMT" time="9.757" errors="0">
  <testcase name="hrm" time="9.757" classname="com.ng.OrangeHRMTest"/>
</testsuite> <!-- com.ng.OrangeHRMTest -->
