<?xml version="1.0" encoding="UTF-8"?>
<!-- Generated by org.testng.reporters.JUnitReportReporter -->
<testsuite hostname="LAPTOP-V8KLSL8J" name="com.ng.NumbersTest" tests="1" failures="0" timestamp="18 May 2024 01:43:28 GMT" time="0.006" errors="0">
  <testcase name="one" time="0.006" classname="com.ng.NumbersTest"/>
</testsuite> <!-- com.ng.NumbersTest -->
