<?xml version="1.0" encoding="UTF-8"?>
<!-- Generated by org.testng.reporters.JUnitReportReporter -->
<testsuite skipped="0" hostname="LAPTOP-V8KLSL8J" name="com.ng.IHGTest" tests="1" failures="0" timestamp="29 May 2024 01:29:37 GMT" time="15.476" errors="0">
  <testcase name="ihg" time="15.476" classname="com.ng.IHGTest"/>
</testsuite> <!-- com.ng.IHGTest -->
