<?xml version="1.0" encoding="UTF-8"?>
<!-- Generated by org.testng.reporters.JUnitReportReporter -->
<testsuite skipped="0" hostname="LAPTOP-V8KLSL8J" name="com.ng.OrangeHRMTest" tests="1" failures="0" timestamp="29 May 2024 01:29:37 GMT" time="13.535" errors="0">
  <testcase name="hrm" time="13.535" classname="com.ng.OrangeHRMTest"/>
</testsuite> <!-- com.ng.OrangeHRMTest -->
