<?xml version="1.0" encoding="UTF-8"?>
<!-- Generated by org.testng.reporters.JUnitReportReporter -->
<testsuite skipped="0" hostname="LAPTOP-V8KLSL8J" name="com.ng.HRMTest" tests="1" failures="0" timestamp="29 May 2024 01:29:37 GMT" time="14.593" errors="0">
  <testcase name="hrm" time="14.593" classname="com.ng.HRMTest"/>
</testsuite> <!-- com.ng.HRMTest -->
